2020-03-18 19:28:37.634  INFO 15888 --- [restartedMain] com.xb.EasyblogApplication               : Starting EasyblogApplication on PC-201909232040 with PID 15888 (F:\my\easyblog\target\classes started by Administrator in F:\my\easyblog)
2020-03-18 19:28:37.650 DEBUG 15888 --- [restartedMain] com.xb.EasyblogApplication               : Running with Spring Boot v2.2.5.RELEASE, Spring v5.2.4.RELEASE
2020-03-18 19:28:37.650  INFO 15888 --- [restartedMain] com.xb.EasyblogApplication               : No active profile set, falling back to default profiles: default
2020-03-18 19:28:37.836  INFO 15888 --- [restartedMain] .e.DevToolsPropertyDefaultsPostProcessor : Devtools property defaults active! Set 'spring.devtools.add-properties' to 'false' to disable
2020-03-18 19:28:37.836  INFO 15888 --- [restartedMain] .e.DevToolsPropertyDefaultsPostProcessor : For additional web related logging consider setting the 'logging.level.web' property to 'DEBUG'
2020-03-18 19:28:39.531  INFO 15888 --- [restartedMain] .s.d.r.c.RepositoryConfigurationDelegate : Multiple Spring Data modules found, entering strict repository configuration mode!
2020-03-18 19:28:39.532  INFO 15888 --- [restartedMain] .s.d.r.c.RepositoryConfigurationDelegate : Bootstrapping Spring Data JDBC repositories in DEFAULT mode.
2020-03-18 19:28:39.583  INFO 15888 --- [restartedMain] .s.d.r.c.RepositoryConfigurationDelegate : Finished Spring Data repository scanning in 44ms. Found 0 JDBC repository interfaces.
2020-03-18 19:28:39.607  INFO 15888 --- [restartedMain] .s.d.r.c.RepositoryConfigurationDelegate : Multiple Spring Data modules found, entering strict repository configuration mode!
2020-03-18 19:28:39.608  INFO 15888 --- [restartedMain] .s.d.r.c.RepositoryConfigurationDelegate : Bootstrapping Spring Data Redis repositories in DEFAULT mode.
2020-03-18 19:28:39.665  INFO 15888 --- [restartedMain] .s.d.r.c.RepositoryConfigurationDelegate : Finished Spring Data repository scanning in 11ms. Found 0 Redis repository interfaces.
2020-03-18 19:28:39.926  INFO 15888 --- [restartedMain] o.s.c.a.ConfigurationClassPostProcessor  : Cannot enhance @Configuration bean definition 'myBatisMapperScannerConfig' since its singleton instance has been created too early. The typical cause is a non-static @Bean method with a BeanDefinitionRegistryPostProcessor return type: Consider declaring such methods as 'static'.
2020-03-18 19:28:40.507  INFO 15888 --- [restartedMain] o.s.b.w.embedded.tomcat.TomcatWebServer  : Tomcat initialized with port(s): 8080 (http)
2020-03-18 19:28:40.516  INFO 15888 --- [restartedMain] o.apache.catalina.core.StandardService   : Starting service [Tomcat]
2020-03-18 19:28:40.516  INFO 15888 --- [restartedMain] org.apache.catalina.core.StandardEngine  : Starting Servlet engine: [Apache Tomcat/9.0.31]
2020-03-18 19:28:40.630  INFO 15888 --- [restartedMain] o.a.c.c.C.[Tomcat].[localhost].[/]       : Initializing Spring embedded WebApplicationContext
2020-03-18 19:28:40.631  INFO 15888 --- [restartedMain] o.s.web.context.ContextLoader            : Root WebApplicationContext: initialization completed in 2795 ms
2020-03-18 19:28:41.635  INFO 15888 --- [restartedMain] c.g.s.m.a.m.handler.StartUpHandlerImpl   : databaseType=mysql，开始执行mysql的处理方法
2020-03-18 19:28:42.001  INFO 15888 --- [restartedMain] com.alibaba.druid.pool.DruidDataSource   : {dataSource-1} inited
2020-03-18 19:28:42.319  INFO 15888 --- [restartedMain] o.s.s.concurrent.ThreadPoolTaskExecutor  : Initializing ExecutorService 'applicationTaskExecutor'
2020-03-18 19:28:42.396  INFO 15888 --- [restartedMain] o.s.b.a.w.s.WelcomePageHandlerMapping    : Adding welcome page template: index
2020-03-18 19:28:42.956  INFO 15888 --- [restartedMain] o.s.b.d.a.OptionalLiveReloadServer       : LiveReload server is running on port 35729
2020-03-18 19:28:42.956  WARN 15888 --- [restartedMain] arterDeprecationWarningAutoConfiguration : spring-boot-starter-redis is deprecated as of Spring Boot 1.4, please migrate to spring-boot-starter-data-redis
2020-03-18 19:28:43.034  INFO 15888 --- [restartedMain] o.s.b.w.embedded.tomcat.TomcatWebServer  : Tomcat started on port(s): 8080 (http) with context path ''
2020-03-18 19:28:43.034  INFO 15888 --- [restartedMain] com.xb.EasyblogApplication               : Started EasyblogApplication in 6.103 seconds (JVM running for 9.709)
2020-03-18 19:28:54.105  INFO 15888 --- [http-nio-8080-exec-1] o.a.c.c.C.[Tomcat].[localhost].[/]       : Initializing Spring DispatcherServlet 'dispatcherServlet'
2020-03-18 19:28:54.106  INFO 15888 --- [http-nio-8080-exec-1] o.s.web.servlet.DispatcherServlet        : Initializing Servlet 'dispatcherServlet'
2020-03-18 19:28:54.117  INFO 15888 --- [http-nio-8080-exec-1] o.s.web.servlet.DispatcherServlet        : Completed initialization in 11 ms
2020-03-18 19:28:56.242 DEBUG 15888 --- [http-nio-8080-exec-8] com.xb.mapper.TagMapper.findAllTag       : ==>  Preparing: SELECT * FROM t_tag 
2020-03-18 19:28:56.242 DEBUG 15888 --- [http-nio-8080-exec-7] com.xb.mapper.TypeMapper.findAllType     : ==>  Preparing: SELECT * FROM t_type 
2020-03-18 19:28:56.247 DEBUG 15888 --- [http-nio-8080-exec-9] c.x.mapper.BlogMapper.findRecommendBlog  : ==>  Preparing: SELECT id,title FROM t_blog WHERE published=1 AND recommend=1 ORDER BY createTime DESC LIMIT 0,4 
2020-03-18 19:28:56.249 DEBUG 15888 --- [http-nio-8080-exec-10] com.xb.mapper.BlogMapper.findNewBlog     : ==>  Preparing: SELECT id,title FROM t_blog WHERE published=1 ORDER BY createTime DESC LIMIT 0,3 
2020-03-18 19:28:56.257 DEBUG 15888 --- [http-nio-8080-exec-8] com.xb.mapper.TagMapper.findAllTag       : ==> Parameters: 
2020-03-18 19:28:56.257 DEBUG 15888 --- [http-nio-8080-exec-9] c.x.mapper.BlogMapper.findRecommendBlog  : ==> Parameters: 
2020-03-18 19:28:56.257 DEBUG 15888 --- [http-nio-8080-exec-10] com.xb.mapper.BlogMapper.findNewBlog     : ==> Parameters: 
2020-03-18 19:28:56.257 DEBUG 15888 --- [http-nio-8080-exec-7] com.xb.mapper.TypeMapper.findAllType     : ==> Parameters: 
2020-03-18 19:28:56.273 DEBUG 15888 --- [http-nio-8080-exec-10] com.xb.mapper.BlogMapper.findNewBlog     : <==      Total: 3
2020-03-18 19:28:56.273 DEBUG 15888 --- [http-nio-8080-exec-8] com.xb.mapper.TagMapper.findAllTag       : <==      Total: 4
2020-03-18 19:28:56.273 DEBUG 15888 --- [http-nio-8080-exec-7] com.xb.mapper.TypeMapper.findAllType     : <==      Total: 3
2020-03-18 19:28:56.273 DEBUG 15888 --- [http-nio-8080-exec-9] c.x.mapper.BlogMapper.findRecommendBlog  : <==      Total: 4
2020-03-18 19:28:56.303 DEBUG 15888 --- [http-nio-8080-exec-7] c.x.mapper.BlogMapper.countBlogByTypeId  : ==>  Preparing: SELECT count(*) FROM t_blog WHERE published=1 AND typeId=? 
2020-03-18 19:28:56.304 DEBUG 15888 --- [http-nio-8080-exec-7] c.x.mapper.BlogMapper.countBlogByTypeId  : ==> Parameters: 1(Long)
2020-03-18 19:28:56.308 DEBUG 15888 --- [http-nio-8080-exec-7] c.x.mapper.BlogMapper.countBlogByTypeId  : <==      Total: 1
2020-03-18 19:28:56.309 DEBUG 15888 --- [http-nio-8080-exec-8] c.x.m.BlogTagMapper.countBlogByTagId     : ==>  Preparing: SELECT count(*) FROM t_blog b LEFT JOIN t_blog_tag bt ON b.id=bt.blogId WHERE published=1 AND tagId=? 
2020-03-18 19:28:56.309 DEBUG 15888 --- [http-nio-8080-exec-8] c.x.m.BlogTagMapper.countBlogByTagId     : ==> Parameters: 1(Long)
2020-03-18 19:28:56.310 DEBUG 15888 --- [http-nio-8080-exec-8] c.x.m.BlogTagMapper.countBlogByTagId     : <==      Total: 1
2020-03-18 19:28:56.316 DEBUG 15888 --- [http-nio-8080-exec-7] c.x.mapper.BlogMapper.countBlogByTypeId  : ==>  Preparing: SELECT count(*) FROM t_blog WHERE published=1 AND typeId=? 
2020-03-18 19:28:56.317 DEBUG 15888 --- [http-nio-8080-exec-7] c.x.mapper.BlogMapper.countBlogByTypeId  : ==> Parameters: 2(Long)
2020-03-18 19:28:56.320 DEBUG 15888 --- [http-nio-8080-exec-7] c.x.mapper.BlogMapper.countBlogByTypeId  : <==      Total: 1
2020-03-18 19:28:56.322 DEBUG 15888 --- [http-nio-8080-exec-8] c.x.m.BlogTagMapper.countBlogByTagId     : ==>  Preparing: SELECT count(*) FROM t_blog b LEFT JOIN t_blog_tag bt ON b.id=bt.blogId WHERE published=1 AND tagId=? 
2020-03-18 19:28:56.322 DEBUG 15888 --- [http-nio-8080-exec-8] c.x.m.BlogTagMapper.countBlogByTagId     : ==> Parameters: 2(Long)
2020-03-18 19:28:56.323 DEBUG 15888 --- [http-nio-8080-exec-8] c.x.m.BlogTagMapper.countBlogByTagId     : <==      Total: 1
2020-03-18 19:28:56.330 DEBUG 15888 --- [http-nio-8080-exec-7] c.x.mapper.BlogMapper.countBlogByTypeId  : ==>  Preparing: SELECT count(*) FROM t_blog WHERE published=1 AND typeId=? 
2020-03-18 19:28:56.331 DEBUG 15888 --- [http-nio-8080-exec-7] c.x.mapper.BlogMapper.countBlogByTypeId  : ==> Parameters: 3(Long)
2020-03-18 19:28:56.332 DEBUG 15888 --- [http-nio-8080-exec-7] c.x.mapper.BlogMapper.countBlogByTypeId  : <==      Total: 1
2020-03-18 19:28:56.335 DEBUG 15888 --- [http-nio-8080-exec-8] c.x.m.BlogTagMapper.countBlogByTagId     : ==>  Preparing: SELECT count(*) FROM t_blog b LEFT JOIN t_blog_tag bt ON b.id=bt.blogId WHERE published=1 AND tagId=? 
2020-03-18 19:28:56.337 DEBUG 15888 --- [http-nio-8080-exec-8] c.x.m.BlogTagMapper.countBlogByTagId     : ==> Parameters: 3(Long)
2020-03-18 19:28:56.338 DEBUG 15888 --- [http-nio-8080-exec-8] c.x.m.BlogTagMapper.countBlogByTagId     : <==      Total: 1
2020-03-18 19:28:56.347 DEBUG 15888 --- [http-nio-8080-exec-8] c.x.m.BlogTagMapper.countBlogByTagId     : ==>  Preparing: SELECT count(*) FROM t_blog b LEFT JOIN t_blog_tag bt ON b.id=bt.blogId WHERE published=1 AND tagId=? 
2020-03-18 19:28:56.347 DEBUG 15888 --- [http-nio-8080-exec-8] c.x.m.BlogTagMapper.countBlogByTagId     : ==> Parameters: 4(Long)
2020-03-18 19:28:56.348 DEBUG 15888 --- [http-nio-8080-exec-8] c.x.m.BlogTagMapper.countBlogByTagId     : <==      Total: 1
2020-03-18 19:28:56.349 DEBUG 15888 --- [http-nio-8080-exec-6] c.x.m.BlogMapper.findResultBlog_COUNT    : ==>  Preparing: SELECT count(0) FROM t_blog b LEFT JOIN t_type t ON b.typeId = t.id LEFT JOIN t_user u ON b.userId = u.id WHERE published = 1 
2020-03-18 19:28:56.349 DEBUG 15888 --- [http-nio-8080-exec-6] c.x.m.BlogMapper.findResultBlog_COUNT    : ==> Parameters: 
2020-03-18 19:28:56.350 DEBUG 15888 --- [http-nio-8080-exec-6] c.x.m.BlogMapper.findResultBlog_COUNT    : <==      Total: 1
2020-03-18 19:28:56.353 DEBUG 15888 --- [http-nio-8080-exec-6] com.xb.mapper.BlogMapper.findResultBlog  : ==>  Preparing: SELECT b.*,t.name as typeName,u.nickname as nickName FROM t_blog b LEFT JOIN t_type t ON b.typeId=t.id LEFT JOIN t_user u ON b.userId=u.id WHERE published=1 LIMIT ? 
2020-03-18 19:28:56.354 DEBUG 15888 --- [http-nio-8080-exec-6] com.xb.mapper.BlogMapper.findResultBlog  : ==> Parameters: 10(Integer)
2020-03-18 19:28:56.359 DEBUG 15888 --- [http-nio-8080-exec-6] com.xb.mapper.BlogMapper.findResultBlog  : <==      Total: 10
2020-03-18 19:28:58.921  WARN 15888 --- [http-nio-8080-exec-1] o.s.web.servlet.PageNotFound             : No mapping for GET /favicon.ico
2020-03-18 19:29:00.138 DEBUG 15888 --- [http-nio-8080-exec-1] com.xb.mapper.BlogMapper.findNewBlog     : ==>  Preparing: SELECT id,title FROM t_blog WHERE published=1 ORDER BY createTime DESC LIMIT 0,3 
2020-03-18 19:29:00.138 DEBUG 15888 --- [http-nio-8080-exec-1] com.xb.mapper.BlogMapper.findNewBlog     : ==> Parameters: 
2020-03-18 19:29:00.139 DEBUG 15888 --- [http-nio-8080-exec-1] com.xb.mapper.BlogMapper.findNewBlog     : <==      Total: 3
2020-03-18 19:29:00.142 DEBUG 15888 --- [http-nio-8080-exec-6] c.x.m.C.findFirstParentByBlogId          : ==>  Preparing: SELECT * FROM t_comment WHERE blogId = ? AND parentId = 0 
2020-03-18 19:29:00.143 DEBUG 15888 --- [http-nio-8080-exec-6] c.x.m.C.findFirstParentByBlogId          : ==> Parameters: 1(Integer)
2020-03-18 19:29:00.145 DEBUG 15888 --- [http-nio-8080-exec-10] com.xb.mapper.BlogMapper.findBlogById    : ==>  Preparing: SELECT b.*,t.name as typeName,u.nickname as nickName FROM t_blog b LEFT JOIN t_type t ON b.typeId=t.id LEFT JOIN t_user u ON b.userId=u.id WHERE b.id = ? 
2020-03-18 19:29:00.145 DEBUG 15888 --- [http-nio-8080-exec-6] c.x.m.C.findFirstParentByBlogId          : <==      Total: 2
2020-03-18 19:29:00.146 DEBUG 15888 --- [http-nio-8080-exec-10] com.xb.mapper.BlogMapper.findBlogById    : ==> Parameters: 1(Integer)
2020-03-18 19:29:00.147 DEBUG 15888 --- [http-nio-8080-exec-10] com.xb.mapper.BlogMapper.findBlogById    : <==      Total: 1
2020-03-18 19:29:00.152 DEBUG 15888 --- [http-nio-8080-exec-6] c.x.m.C.findCommentByParentId            : ==>  Preparing: SELECT * FROM t_comment WHERE parentId = ? 
2020-03-18 19:29:00.152 DEBUG 15888 --- [http-nio-8080-exec-6] c.x.m.C.findCommentByParentId            : ==> Parameters: 1(Long)
2020-03-18 19:29:00.154 DEBUG 15888 --- [http-nio-8080-exec-6] c.x.m.C.findCommentByParentId            : <==      Total: 2
2020-03-18 19:29:00.155 DEBUG 15888 --- [http-nio-8080-exec-10] c.xb.mapper.TagMapper.findTagsByBlogId   : ==>  Preparing: SELECT * FROM t_tag WHERE id in (SELECT tagId FROM t_blog_tag WHERE blogId = ?) 
2020-03-18 19:29:00.156 DEBUG 15888 --- [http-nio-8080-exec-10] c.xb.mapper.TagMapper.findTagsByBlogId   : ==> Parameters: 1(Long)
2020-03-18 19:29:00.157 DEBUG 15888 --- [http-nio-8080-exec-10] c.xb.mapper.TagMapper.findTagsByBlogId   : <==      Total: 3
2020-03-18 19:29:00.167 DEBUG 15888 --- [http-nio-8080-exec-6] c.x.m.C.findCommentByParentId            : ==>  Preparing: SELECT * FROM t_comment WHERE parentId = ? 
2020-03-18 19:29:00.168 DEBUG 15888 --- [http-nio-8080-exec-6] c.x.m.C.findCommentByParentId            : ==> Parameters: 2(Long)
2020-03-18 19:29:00.169 DEBUG 15888 --- [http-nio-8080-exec-6] c.x.m.C.findCommentByParentId            : <==      Total: 1
2020-03-18 19:29:00.172 DEBUG 15888 --- [http-nio-8080-exec-6] c.x.m.C.findCommentByParentId            : ==>  Preparing: SELECT * FROM t_comment WHERE parentId = ? 
2020-03-18 19:29:00.173 DEBUG 15888 --- [http-nio-8080-exec-6] c.x.m.C.findCommentByParentId            : ==> Parameters: 3(Long)
2020-03-18 19:29:00.181 DEBUG 15888 --- [http-nio-8080-exec-6] c.x.m.C.findCommentByParentId            : <==      Total: 1
2020-03-18 19:29:00.185 DEBUG 15888 --- [http-nio-8080-exec-6] c.x.m.C.findCommentByParentId            : ==>  Preparing: SELECT * FROM t_comment WHERE parentId = ? 
2020-03-18 19:29:00.185 DEBUG 15888 --- [http-nio-8080-exec-6] c.x.m.C.findCommentByParentId            : ==> Parameters: 5(Long)
2020-03-18 19:29:00.185 DEBUG 15888 --- [http-nio-8080-exec-6] c.x.m.C.findCommentByParentId            : <==      Total: 0
2020-03-18 19:29:00.189 DEBUG 15888 --- [http-nio-8080-exec-6] c.x.m.C.findCommentByParentId            : ==>  Preparing: SELECT * FROM t_comment WHERE parentId = ? 
2020-03-18 19:29:00.189 DEBUG 15888 --- [http-nio-8080-exec-6] c.x.m.C.findCommentByParentId            : ==> Parameters: 4(Long)
2020-03-18 19:29:00.189 DEBUG 15888 --- [http-nio-8080-exec-6] c.x.m.C.findCommentByParentId            : <==      Total: 0
2020-03-18 19:29:00.192 DEBUG 15888 --- [http-nio-8080-exec-6] c.x.m.C.findCommentByParentId            : ==>  Preparing: SELECT * FROM t_comment WHERE parentId = ? 
2020-03-18 19:29:00.193 DEBUG 15888 --- [http-nio-8080-exec-6] c.x.m.C.findCommentByParentId            : ==> Parameters: 6(Long)
2020-03-18 19:29:00.194 DEBUG 15888 --- [http-nio-8080-exec-6] c.x.m.C.findCommentByParentId            : <==      Total: 1
2020-03-18 19:29:00.198 DEBUG 15888 --- [http-nio-8080-exec-6] c.x.m.C.findCommentByParentId            : ==>  Preparing: SELECT * FROM t_comment WHERE parentId = ? 
2020-03-18 19:29:00.198 DEBUG 15888 --- [http-nio-8080-exec-6] c.x.m.C.findCommentByParentId            : ==> Parameters: 7(Long)
2020-03-18 19:29:00.199 DEBUG 15888 --- [http-nio-8080-exec-6] c.x.m.C.findCommentByParentId            : <==      Total: 1
2020-03-18 19:29:00.202 DEBUG 15888 --- [http-nio-8080-exec-6] c.x.m.C.findCommentByParentId            : ==>  Preparing: SELECT * FROM t_comment WHERE parentId = ? 
2020-03-18 19:29:00.203 DEBUG 15888 --- [http-nio-8080-exec-6] c.x.m.C.findCommentByParentId            : ==> Parameters: 8(Long)
2020-03-18 19:29:00.203 DEBUG 15888 --- [http-nio-8080-exec-6] c.x.m.C.findCommentByParentId            : <==      Total: 0
2020-03-18 19:29:29.879 DEBUG 15888 --- [http-nio-8080-exec-10] c.x.m.C.findFirstParentByBlogId          : ==>  Preparing: SELECT * FROM t_comment WHERE blogId = ? AND parentId = 0 
2020-03-18 19:29:29.880 DEBUG 15888 --- [http-nio-8080-exec-10] c.x.m.C.findFirstParentByBlogId          : ==> Parameters: 1(Integer)
2020-03-18 19:29:29.883 DEBUG 15888 --- [http-nio-8080-exec-10] c.x.m.C.findFirstParentByBlogId          : <==      Total: 2
2020-03-18 19:29:29.883 DEBUG 15888 --- [http-nio-8080-exec-6] com.xb.mapper.BlogMapper.findNewBlog     : ==>  Preparing: SELECT id,title FROM t_blog WHERE published=1 ORDER BY createTime DESC LIMIT 0,3 
2020-03-18 19:29:29.883 DEBUG 15888 --- [http-nio-8080-exec-6] com.xb.mapper.BlogMapper.findNewBlog     : ==> Parameters: 
2020-03-18 19:29:29.886 DEBUG 15888 --- [http-nio-8080-exec-6] com.xb.mapper.BlogMapper.findNewBlog     : <==      Total: 3
2020-03-18 19:29:29.888 DEBUG 15888 --- [http-nio-8080-exec-1] com.xb.mapper.BlogMapper.findBlogById    : ==>  Preparing: SELECT b.*,t.name as typeName,u.nickname as nickName FROM t_blog b LEFT JOIN t_type t ON b.typeId=t.id LEFT JOIN t_user u ON b.userId=u.id WHERE b.id = ? 
2020-03-18 19:29:29.889 DEBUG 15888 --- [http-nio-8080-exec-1] com.xb.mapper.BlogMapper.findBlogById    : ==> Parameters: 1(Integer)
2020-03-18 19:29:29.892 DEBUG 15888 --- [http-nio-8080-exec-1] com.xb.mapper.BlogMapper.findBlogById    : <==      Total: 1
2020-03-18 19:29:29.892 DEBUG 15888 --- [http-nio-8080-exec-10] c.x.m.C.findCommentByParentId            : ==>  Preparing: SELECT * FROM t_comment WHERE parentId = ? 
2020-03-18 19:29:29.893 DEBUG 15888 --- [http-nio-8080-exec-10] c.x.m.C.findCommentByParentId            : ==> Parameters: 1(Long)
2020-03-18 19:29:29.896 DEBUG 15888 --- [http-nio-8080-exec-10] c.x.m.C.findCommentByParentId            : <==      Total: 2
2020-03-18 19:29:29.905 DEBUG 15888 --- [http-nio-8080-exec-10] c.x.m.C.findCommentByParentId            : ==>  Preparing: SELECT * FROM t_comment WHERE parentId = ? 
2020-03-18 19:29:29.906 DEBUG 15888 --- [http-nio-8080-exec-10] c.x.m.C.findCommentByParentId            : ==> Parameters: 2(Long)
2020-03-18 19:29:29.909 DEBUG 15888 --- [http-nio-8080-exec-10] c.x.m.C.findCommentByParentId            : <==      Total: 1
2020-03-18 19:29:29.909 DEBUG 15888 --- [http-nio-8080-exec-1] c.xb.mapper.TagMapper.findTagsByBlogId   : ==>  Preparing: SELECT * FROM t_tag WHERE id in (SELECT tagId FROM t_blog_tag WHERE blogId = ?) 
2020-03-18 19:29:29.910 DEBUG 15888 --- [http-nio-8080-exec-1] c.xb.mapper.TagMapper.findTagsByBlogId   : ==> Parameters: 1(Long)
2020-03-18 19:29:29.911 DEBUG 15888 --- [http-nio-8080-exec-1] c.xb.mapper.TagMapper.findTagsByBlogId   : <==      Total: 3
2020-03-18 19:29:29.915 DEBUG 15888 --- [http-nio-8080-exec-10] c.x.m.C.findCommentByParentId            : ==>  Preparing: SELECT * FROM t_comment WHERE parentId = ? 
2020-03-18 19:29:29.915 DEBUG 15888 --- [http-nio-8080-exec-10] c.x.m.C.findCommentByParentId            : ==> Parameters: 3(Long)
2020-03-18 19:29:29.919 DEBUG 15888 --- [http-nio-8080-exec-10] c.x.m.C.findCommentByParentId            : <==      Total: 1
2020-03-18 19:29:29.931 DEBUG 15888 --- [http-nio-8080-exec-10] c.x.m.C.findCommentByParentId            : ==>  Preparing: SELECT * FROM t_comment WHERE parentId = ? 
2020-03-18 19:29:29.932 DEBUG 15888 --- [http-nio-8080-exec-10] c.x.m.C.findCommentByParentId            : ==> Parameters: 5(Long)
2020-03-18 19:29:29.933 DEBUG 15888 --- [http-nio-8080-exec-10] c.x.m.C.findCommentByParentId            : <==      Total: 0
2020-03-18 19:29:29.940 DEBUG 15888 --- [http-nio-8080-exec-10] c.x.m.C.findCommentByParentId            : ==>  Preparing: SELECT * FROM t_comment WHERE parentId = ? 
2020-03-18 19:29:29.942 DEBUG 15888 --- [http-nio-8080-exec-10] c.x.m.C.findCommentByParentId            : ==> Parameters: 4(Long)
2020-03-18 19:29:29.945 DEBUG 15888 --- [http-nio-8080-exec-10] c.x.m.C.findCommentByParentId            : <==      Total: 0
2020-03-18 19:29:29.953 DEBUG 15888 --- [http-nio-8080-exec-10] c.x.m.C.findCommentByParentId            : ==>  Preparing: SELECT * FROM t_comment WHERE parentId = ? 
2020-03-18 19:29:29.954 DEBUG 15888 --- [http-nio-8080-exec-10] c.x.m.C.findCommentByParentId            : ==> Parameters: 6(Long)
2020-03-18 19:29:29.955 DEBUG 15888 --- [http-nio-8080-exec-10] c.x.m.C.findCommentByParentId            : <==      Total: 1
2020-03-18 19:29:29.962 DEBUG 15888 --- [http-nio-8080-exec-10] c.x.m.C.findCommentByParentId            : ==>  Preparing: SELECT * FROM t_comment WHERE parentId = ? 
2020-03-18 19:29:29.963 DEBUG 15888 --- [http-nio-8080-exec-10] c.x.m.C.findCommentByParentId            : ==> Parameters: 7(Long)
2020-03-18 19:29:29.968 DEBUG 15888 --- [http-nio-8080-exec-10] c.x.m.C.findCommentByParentId            : <==      Total: 1
2020-03-18 19:29:29.977 DEBUG 15888 --- [http-nio-8080-exec-10] c.x.m.C.findCommentByParentId            : ==>  Preparing: SELECT * FROM t_comment WHERE parentId = ? 
2020-03-18 19:29:29.977 DEBUG 15888 --- [http-nio-8080-exec-10] c.x.m.C.findCommentByParentId            : ==> Parameters: 8(Long)
2020-03-18 19:29:29.978 DEBUG 15888 --- [http-nio-8080-exec-10] c.x.m.C.findCommentByParentId            : <==      Total: 0
2020-03-18 19:33:22.536 DEBUG 15888 --- [http-nio-8080-exec-4] com.xb.mapper.BlogMapper.findBlogById    : ==>  Preparing: SELECT b.*,t.name as typeName,u.nickname as nickName FROM t_blog b LEFT JOIN t_type t ON b.typeId=t.id LEFT JOIN t_user u ON b.userId=u.id WHERE b.id = ? 
2020-03-18 19:33:22.537 DEBUG 15888 --- [http-nio-8080-exec-4] com.xb.mapper.BlogMapper.findBlogById    : ==> Parameters: 1(Integer)
2020-03-18 19:33:22.540 DEBUG 15888 --- [http-nio-8080-exec-8] com.xb.mapper.BlogMapper.findNewBlog     : ==>  Preparing: SELECT id,title FROM t_blog WHERE published=1 ORDER BY createTime DESC LIMIT 0,3 
2020-03-18 19:33:22.540 DEBUG 15888 --- [http-nio-8080-exec-4] com.xb.mapper.BlogMapper.findBlogById    : <==      Total: 1
2020-03-18 19:33:22.540 DEBUG 15888 --- [http-nio-8080-exec-8] com.xb.mapper.BlogMapper.findNewBlog     : ==> Parameters: 
2020-03-18 19:33:22.542 DEBUG 15888 --- [http-nio-8080-exec-8] com.xb.mapper.BlogMapper.findNewBlog     : <==      Total: 3
2020-03-18 19:33:22.543 DEBUG 15888 --- [http-nio-8080-exec-5] c.x.m.C.findFirstParentByBlogId          : ==>  Preparing: SELECT * FROM t_comment WHERE blogId = ? AND parentId = 0 
2020-03-18 19:33:22.543 DEBUG 15888 --- [http-nio-8080-exec-5] c.x.m.C.findFirstParentByBlogId          : ==> Parameters: 1(Integer)
2020-03-18 19:33:22.547 DEBUG 15888 --- [http-nio-8080-exec-5] c.x.m.C.findFirstParentByBlogId          : <==      Total: 2
2020-03-18 19:33:22.549 DEBUG 15888 --- [http-nio-8080-exec-4] c.xb.mapper.TagMapper.findTagsByBlogId   : ==>  Preparing: SELECT * FROM t_tag WHERE id in (SELECT tagId FROM t_blog_tag WHERE blogId = ?) 
2020-03-18 19:33:22.549 DEBUG 15888 --- [http-nio-8080-exec-4] c.xb.mapper.TagMapper.findTagsByBlogId   : ==> Parameters: 1(Long)
2020-03-18 19:33:22.550 DEBUG 15888 --- [http-nio-8080-exec-4] c.xb.mapper.TagMapper.findTagsByBlogId   : <==      Total: 3
2020-03-18 19:33:22.553 DEBUG 15888 --- [http-nio-8080-exec-5] c.x.m.C.findCommentByParentId            : ==>  Preparing: SELECT * FROM t_comment WHERE parentId = ? 
2020-03-18 19:33:22.554 DEBUG 15888 --- [http-nio-8080-exec-5] c.x.m.C.findCommentByParentId            : ==> Parameters: 1(Long)
2020-03-18 19:33:22.557 DEBUG 15888 --- [http-nio-8080-exec-5] c.x.m.C.findCommentByParentId            : <==      Total: 2
2020-03-18 19:33:22.566 DEBUG 15888 --- [http-nio-8080-exec-5] c.x.m.C.findCommentByParentId            : ==>  Preparing: SELECT * FROM t_comment WHERE parentId = ? 
2020-03-18 19:33:22.566 DEBUG 15888 --- [http-nio-8080-exec-5] c.x.m.C.findCommentByParentId            : ==> Parameters: 2(Long)
2020-03-18 19:33:22.567 DEBUG 15888 --- [http-nio-8080-exec-5] c.x.m.C.findCommentByParentId            : <==      Total: 1
2020-03-18 19:33:22.574 DEBUG 15888 --- [http-nio-8080-exec-5] c.x.m.C.findCommentByParentId            : ==>  Preparing: SELECT * FROM t_comment WHERE parentId = ? 
2020-03-18 19:33:22.574 DEBUG 15888 --- [http-nio-8080-exec-5] c.x.m.C.findCommentByParentId            : ==> Parameters: 3(Long)
2020-03-18 19:33:22.576 DEBUG 15888 --- [http-nio-8080-exec-5] c.x.m.C.findCommentByParentId            : <==      Total: 1
2020-03-18 19:33:22.584 DEBUG 15888 --- [http-nio-8080-exec-5] c.x.m.C.findCommentByParentId            : ==>  Preparing: SELECT * FROM t_comment WHERE parentId = ? 
2020-03-18 19:33:22.584 DEBUG 15888 --- [http-nio-8080-exec-5] c.x.m.C.findCommentByParentId            : ==> Parameters: 5(Long)
2020-03-18 19:33:22.585 DEBUG 15888 --- [http-nio-8080-exec-5] c.x.m.C.findCommentByParentId            : <==      Total: 0
2020-03-18 19:33:22.593 DEBUG 15888 --- [http-nio-8080-exec-5] c.x.m.C.findCommentByParentId            : ==>  Preparing: SELECT * FROM t_comment WHERE parentId = ? 
2020-03-18 19:33:22.593 DEBUG 15888 --- [http-nio-8080-exec-5] c.x.m.C.findCommentByParentId            : ==> Parameters: 4(Long)
2020-03-18 19:33:22.594 DEBUG 15888 --- [http-nio-8080-exec-5] c.x.m.C.findCommentByParentId            : <==      Total: 0
2020-03-18 19:33:22.599 DEBUG 15888 --- [http-nio-8080-exec-5] c.x.m.C.findCommentByParentId            : ==>  Preparing: SELECT * FROM t_comment WHERE parentId = ? 
2020-03-18 19:33:22.599 DEBUG 15888 --- [http-nio-8080-exec-5] c.x.m.C.findCommentByParentId            : ==> Parameters: 6(Long)
2020-03-18 19:33:22.600 DEBUG 15888 --- [http-nio-8080-exec-5] c.x.m.C.findCommentByParentId            : <==      Total: 1
2020-03-18 19:33:22.603 DEBUG 15888 --- [http-nio-8080-exec-5] c.x.m.C.findCommentByParentId            : ==>  Preparing: SELECT * FROM t_comment WHERE parentId = ? 
2020-03-18 19:33:22.604 DEBUG 15888 --- [http-nio-8080-exec-5] c.x.m.C.findCommentByParentId            : ==> Parameters: 7(Long)
2020-03-18 19:33:22.606 DEBUG 15888 --- [http-nio-8080-exec-5] c.x.m.C.findCommentByParentId            : <==      Total: 1
2020-03-18 19:33:22.611 DEBUG 15888 --- [http-nio-8080-exec-5] c.x.m.C.findCommentByParentId            : ==>  Preparing: SELECT * FROM t_comment WHERE parentId = ? 
2020-03-18 19:33:22.612 DEBUG 15888 --- [http-nio-8080-exec-5] c.x.m.C.findCommentByParentId            : ==> Parameters: 8(Long)
2020-03-18 19:33:22.613 DEBUG 15888 --- [http-nio-8080-exec-5] c.x.m.C.findCommentByParentId            : <==      Total: 0
2020-03-18 19:36:30.038 DEBUG 15888 --- [http-nio-8080-exec-6] com.xb.mapper.BlogMapper.findBlogById    : ==>  Preparing: SELECT b.*,t.name as typeName,u.nickname as nickName FROM t_blog b LEFT JOIN t_type t ON b.typeId=t.id LEFT JOIN t_user u ON b.userId=u.id WHERE b.id = ? 
2020-03-18 19:36:30.038 DEBUG 15888 --- [http-nio-8080-exec-6] com.xb.mapper.BlogMapper.findBlogById    : ==> Parameters: 1(Integer)
2020-03-18 19:36:30.039 DEBUG 15888 --- [http-nio-8080-exec-6] com.xb.mapper.BlogMapper.findBlogById    : <==      Total: 1
2020-03-18 19:36:30.040 DEBUG 15888 --- [http-nio-8080-exec-10] com.xb.mapper.BlogMapper.findNewBlog     : ==>  Preparing: SELECT id,title FROM t_blog WHERE published=1 ORDER BY createTime DESC LIMIT 0,3 
2020-03-18 19:36:30.040 DEBUG 15888 --- [http-nio-8080-exec-10] com.xb.mapper.BlogMapper.findNewBlog     : ==> Parameters: 
2020-03-18 19:36:30.044 DEBUG 15888 --- [http-nio-8080-exec-10] com.xb.mapper.BlogMapper.findNewBlog     : <==      Total: 3
2020-03-18 19:36:30.044 DEBUG 15888 --- [http-nio-8080-exec-1] c.x.m.C.findFirstParentByBlogId          : ==>  Preparing: SELECT * FROM t_comment WHERE blogId = ? AND parentId = 0 
2020-03-18 19:36:30.045 DEBUG 15888 --- [http-nio-8080-exec-1] c.x.m.C.findFirstParentByBlogId          : ==> Parameters: 1(Integer)
2020-03-18 19:36:30.046 DEBUG 15888 --- [http-nio-8080-exec-1] c.x.m.C.findFirstParentByBlogId          : <==      Total: 2
2020-03-18 19:36:30.051 DEBUG 15888 --- [http-nio-8080-exec-6] c.xb.mapper.TagMapper.findTagsByBlogId   : ==>  Preparing: SELECT * FROM t_tag WHERE id in (SELECT tagId FROM t_blog_tag WHERE blogId = ?) 
2020-03-18 19:36:30.051 DEBUG 15888 --- [http-nio-8080-exec-6] c.xb.mapper.TagMapper.findTagsByBlogId   : ==> Parameters: 1(Long)
2020-03-18 19:36:30.054 DEBUG 15888 --- [http-nio-8080-exec-6] c.xb.mapper.TagMapper.findTagsByBlogId   : <==      Total: 3
2020-03-18 19:36:30.055 DEBUG 15888 --- [http-nio-8080-exec-1] c.x.m.C.findCommentByParentId            : ==>  Preparing: SELECT * FROM t_comment WHERE parentId = ? 
2020-03-18 19:36:30.056 DEBUG 15888 --- [http-nio-8080-exec-1] c.x.m.C.findCommentByParentId            : ==> Parameters: 1(Long)
2020-03-18 19:36:30.057 DEBUG 15888 --- [http-nio-8080-exec-1] c.x.m.C.findCommentByParentId            : <==      Total: 2
2020-03-18 19:36:30.067 DEBUG 15888 --- [http-nio-8080-exec-1] c.x.m.C.findCommentByParentId            : ==>  Preparing: SELECT * FROM t_comment WHERE parentId = ? 
2020-03-18 19:36:30.068 DEBUG 15888 --- [http-nio-8080-exec-1] c.x.m.C.findCommentByParentId            : ==> Parameters: 2(Long)
2020-03-18 19:36:30.069 DEBUG 15888 --- [http-nio-8080-exec-1] c.x.m.C.findCommentByParentId            : <==      Total: 1
2020-03-18 19:36:30.077 DEBUG 15888 --- [http-nio-8080-exec-1] c.x.m.C.findCommentByParentId            : ==>  Preparing: SELECT * FROM t_comment WHERE parentId = ? 
2020-03-18 19:36:30.078 DEBUG 15888 --- [http-nio-8080-exec-1] c.x.m.C.findCommentByParentId            : ==> Parameters: 3(Long)
2020-03-18 19:36:30.079 DEBUG 15888 --- [http-nio-8080-exec-1] c.x.m.C.findCommentByParentId            : <==      Total: 1
2020-03-18 19:36:30.180 DEBUG 15888 --- [http-nio-8080-exec-1] c.x.m.C.findCommentByParentId            : ==>  Preparing: SELECT * FROM t_comment WHERE parentId = ? 
2020-03-18 19:36:30.180 DEBUG 15888 --- [http-nio-8080-exec-1] c.x.m.C.findCommentByParentId            : ==> Parameters: 5(Long)
2020-03-18 19:36:30.181 DEBUG 15888 --- [http-nio-8080-exec-1] c.x.m.C.findCommentByParentId            : <==      Total: 0
2020-03-18 19:36:30.185 DEBUG 15888 --- [http-nio-8080-exec-1] c.x.m.C.findCommentByParentId            : ==>  Preparing: SELECT * FROM t_comment WHERE parentId = ? 
2020-03-18 19:36:30.185 DEBUG 15888 --- [http-nio-8080-exec-1] c.x.m.C.findCommentByParentId            : ==> Parameters: 4(Long)
2020-03-18 19:36:30.186 DEBUG 15888 --- [http-nio-8080-exec-1] c.x.m.C.findCommentByParentId            : <==      Total: 0
2020-03-18 19:36:30.189 DEBUG 15888 --- [http-nio-8080-exec-1] c.x.m.C.findCommentByParentId            : ==>  Preparing: SELECT * FROM t_comment WHERE parentId = ? 
2020-03-18 19:36:30.190 DEBUG 15888 --- [http-nio-8080-exec-1] c.x.m.C.findCommentByParentId            : ==> Parameters: 6(Long)
2020-03-18 19:36:30.190 DEBUG 15888 --- [http-nio-8080-exec-1] c.x.m.C.findCommentByParentId            : <==      Total: 1
2020-03-18 19:36:30.199 DEBUG 15888 --- [http-nio-8080-exec-1] c.x.m.C.findCommentByParentId            : ==>  Preparing: SELECT * FROM t_comment WHERE parentId = ? 
2020-03-18 19:36:30.199 DEBUG 15888 --- [http-nio-8080-exec-1] c.x.m.C.findCommentByParentId            : ==> Parameters: 7(Long)
2020-03-18 19:36:30.200 DEBUG 15888 --- [http-nio-8080-exec-1] c.x.m.C.findCommentByParentId            : <==      Total: 1
2020-03-18 19:36:30.204 DEBUG 15888 --- [http-nio-8080-exec-1] c.x.m.C.findCommentByParentId            : ==>  Preparing: SELECT * FROM t_comment WHERE parentId = ? 
2020-03-18 19:36:30.204 DEBUG 15888 --- [http-nio-8080-exec-1] c.x.m.C.findCommentByParentId            : ==> Parameters: 8(Long)
2020-03-18 19:36:30.204 DEBUG 15888 --- [http-nio-8080-exec-1] c.x.m.C.findCommentByParentId            : <==      Total: 0
2020-03-18 19:39:14.368 DEBUG 15888 --- [http-nio-8080-exec-3] com.xb.mapper.BlogMapper.findBlogById    : ==>  Preparing: SELECT b.*,t.name as typeName,u.nickname as nickName FROM t_blog b LEFT JOIN t_type t ON b.typeId=t.id LEFT JOIN t_user u ON b.userId=u.id WHERE b.id = ? 
2020-03-18 19:39:14.371 DEBUG 15888 --- [http-nio-8080-exec-3] com.xb.mapper.BlogMapper.findBlogById    : ==> Parameters: 1(Integer)
2020-03-18 19:39:14.372 DEBUG 15888 --- [http-nio-8080-exec-4] com.xb.mapper.BlogMapper.findNewBlog     : ==>  Preparing: SELECT id,title FROM t_blog WHERE published=1 ORDER BY createTime DESC LIMIT 0,3 
2020-03-18 19:39:14.372 DEBUG 15888 --- [http-nio-8080-exec-3] com.xb.mapper.BlogMapper.findBlogById    : <==      Total: 1
2020-03-18 19:39:14.372 DEBUG 15888 --- [http-nio-8080-exec-4] com.xb.mapper.BlogMapper.findNewBlog     : ==> Parameters: 
2020-03-18 19:39:14.374 DEBUG 15888 --- [http-nio-8080-exec-4] com.xb.mapper.BlogMapper.findNewBlog     : <==      Total: 3
2020-03-18 19:39:14.375 DEBUG 15888 --- [http-nio-8080-exec-8] c.x.m.C.findFirstParentByBlogId          : ==>  Preparing: SELECT * FROM t_comment WHERE blogId = ? AND parentId = 0 
2020-03-18 19:39:14.375 DEBUG 15888 --- [http-nio-8080-exec-8] c.x.m.C.findFirstParentByBlogId          : ==> Parameters: 1(Integer)
2020-03-18 19:39:14.378 DEBUG 15888 --- [http-nio-8080-exec-8] c.x.m.C.findFirstParentByBlogId          : <==      Total: 2
2020-03-18 19:39:14.379 DEBUG 15888 --- [http-nio-8080-exec-3] c.xb.mapper.TagMapper.findTagsByBlogId   : ==>  Preparing: SELECT * FROM t_tag WHERE id in (SELECT tagId FROM t_blog_tag WHERE blogId = ?) 
2020-03-18 19:39:14.379 DEBUG 15888 --- [http-nio-8080-exec-3] c.xb.mapper.TagMapper.findTagsByBlogId   : ==> Parameters: 1(Long)
2020-03-18 19:39:14.380 DEBUG 15888 --- [http-nio-8080-exec-3] c.xb.mapper.TagMapper.findTagsByBlogId   : <==      Total: 3
2020-03-18 19:39:14.382 DEBUG 15888 --- [http-nio-8080-exec-8] c.x.m.C.findCommentByParentId            : ==>  Preparing: SELECT * FROM t_comment WHERE parentId = ? 
2020-03-18 19:39:14.382 DEBUG 15888 --- [http-nio-8080-exec-8] c.x.m.C.findCommentByParentId            : ==> Parameters: 1(Long)
2020-03-18 19:39:14.383 DEBUG 15888 --- [http-nio-8080-exec-8] c.x.m.C.findCommentByParentId            : <==      Total: 2
2020-03-18 19:39:14.390 DEBUG 15888 --- [http-nio-8080-exec-8] c.x.m.C.findCommentByParentId            : ==>  Preparing: SELECT * FROM t_comment WHERE parentId = ? 
2020-03-18 19:39:14.391 DEBUG 15888 --- [http-nio-8080-exec-8] c.x.m.C.findCommentByParentId            : ==> Parameters: 2(Long)
2020-03-18 19:39:14.392 DEBUG 15888 --- [http-nio-8080-exec-8] c.x.m.C.findCommentByParentId            : <==      Total: 1
2020-03-18 19:39:14.399 DEBUG 15888 --- [http-nio-8080-exec-8] c.x.m.C.findCommentByParentId            : ==>  Preparing: SELECT * FROM t_comment WHERE parentId = ? 
2020-03-18 19:39:14.400 DEBUG 15888 --- [http-nio-8080-exec-8] c.x.m.C.findCommentByParentId            : ==> Parameters: 3(Long)
2020-03-18 19:39:14.400 DEBUG 15888 --- [http-nio-8080-exec-8] c.x.m.C.findCommentByParentId            : <==      Total: 1
2020-03-18 19:39:14.408 DEBUG 15888 --- [http-nio-8080-exec-8] c.x.m.C.findCommentByParentId            : ==>  Preparing: SELECT * FROM t_comment WHERE parentId = ? 
2020-03-18 19:39:14.408 DEBUG 15888 --- [http-nio-8080-exec-8] c.x.m.C.findCommentByParentId            : ==> Parameters: 5(Long)
2020-03-18 19:39:14.410 DEBUG 15888 --- [http-nio-8080-exec-8] c.x.m.C.findCommentByParentId            : <==      Total: 0
2020-03-18 19:39:14.416 DEBUG 15888 --- [http-nio-8080-exec-8] c.x.m.C.findCommentByParentId            : ==>  Preparing: SELECT * FROM t_comment WHERE parentId = ? 
2020-03-18 19:39:14.417 DEBUG 15888 --- [http-nio-8080-exec-8] c.x.m.C.findCommentByParentId            : ==> Parameters: 4(Long)
2020-03-18 19:39:14.417 DEBUG 15888 --- [http-nio-8080-exec-8] c.x.m.C.findCommentByParentId            : <==      Total: 0
2020-03-18 19:39:14.423 DEBUG 15888 --- [http-nio-8080-exec-8] c.x.m.C.findCommentByParentId            : ==>  Preparing: SELECT * FROM t_comment WHERE parentId = ? 
2020-03-18 19:39:14.423 DEBUG 15888 --- [http-nio-8080-exec-8] c.x.m.C.findCommentByParentId            : ==> Parameters: 6(Long)
2020-03-18 19:39:14.424 DEBUG 15888 --- [http-nio-8080-exec-8] c.x.m.C.findCommentByParentId            : <==      Total: 1
2020-03-18 19:39:14.429 DEBUG 15888 --- [http-nio-8080-exec-8] c.x.m.C.findCommentByParentId            : ==>  Preparing: SELECT * FROM t_comment WHERE parentId = ? 
2020-03-18 19:39:14.429 DEBUG 15888 --- [http-nio-8080-exec-8] c.x.m.C.findCommentByParentId            : ==> Parameters: 7(Long)
2020-03-18 19:39:14.430 DEBUG 15888 --- [http-nio-8080-exec-8] c.x.m.C.findCommentByParentId            : <==      Total: 1
2020-03-18 19:39:14.433 DEBUG 15888 --- [http-nio-8080-exec-8] c.x.m.C.findCommentByParentId            : ==>  Preparing: SELECT * FROM t_comment WHERE parentId = ? 
2020-03-18 19:39:14.433 DEBUG 15888 --- [http-nio-8080-exec-8] c.x.m.C.findCommentByParentId            : ==> Parameters: 8(Long)
2020-03-18 19:39:14.434 DEBUG 15888 --- [http-nio-8080-exec-8] c.x.m.C.findCommentByParentId            : <==      Total: 0
2020-03-18 19:41:10.246 DEBUG 15888 --- [http-nio-8080-exec-7] com.xb.mapper.BlogMapper.findBlogById    : ==>  Preparing: SELECT b.*,t.name as typeName,u.nickname as nickName FROM t_blog b LEFT JOIN t_type t ON b.typeId=t.id LEFT JOIN t_user u ON b.userId=u.id WHERE b.id = ? 
2020-03-18 19:41:10.246 DEBUG 15888 --- [http-nio-8080-exec-7] com.xb.mapper.BlogMapper.findBlogById    : ==> Parameters: 1(Integer)
2020-03-18 19:41:10.251 DEBUG 15888 --- [http-nio-8080-exec-10] com.xb.mapper.BlogMapper.findNewBlog     : ==>  Preparing: SELECT id,title FROM t_blog WHERE published=1 ORDER BY createTime DESC LIMIT 0,3 
2020-03-18 19:41:10.252 DEBUG 15888 --- [http-nio-8080-exec-10] com.xb.mapper.BlogMapper.findNewBlog     : ==> Parameters: 
2020-03-18 19:41:10.255 DEBUG 15888 --- [http-nio-8080-exec-10] com.xb.mapper.BlogMapper.findNewBlog     : <==      Total: 3
2020-03-18 19:41:10.255 DEBUG 15888 --- [http-nio-8080-exec-9] c.x.m.C.findFirstParentByBlogId          : ==>  Preparing: SELECT * FROM t_comment WHERE blogId = ? AND parentId = 0 
2020-03-18 19:41:10.256 DEBUG 15888 --- [http-nio-8080-exec-9] c.x.m.C.findFirstParentByBlogId          : ==> Parameters: 1(Integer)
2020-03-18 19:41:10.257 DEBUG 15888 --- [http-nio-8080-exec-9] c.x.m.C.findFirstParentByBlogId          : <==      Total: 2
2020-03-18 19:41:10.257 DEBUG 15888 --- [http-nio-8080-exec-7] com.xb.mapper.BlogMapper.findBlogById    : <==      Total: 1
2020-03-18 19:41:10.269 DEBUG 15888 --- [http-nio-8080-exec-7] c.xb.mapper.TagMapper.findTagsByBlogId   : ==>  Preparing: SELECT * FROM t_tag WHERE id in (SELECT tagId FROM t_blog_tag WHERE blogId = ?) 
2020-03-18 19:41:10.270 DEBUG 15888 --- [http-nio-8080-exec-7] c.xb.mapper.TagMapper.findTagsByBlogId   : ==> Parameters: 1(Long)
2020-03-18 19:41:10.271 DEBUG 15888 --- [http-nio-8080-exec-7] c.xb.mapper.TagMapper.findTagsByBlogId   : <==      Total: 3
2020-03-18 19:41:10.272 DEBUG 15888 --- [http-nio-8080-exec-9] c.x.m.C.findCommentByParentId            : ==>  Preparing: SELECT * FROM t_comment WHERE parentId = ? 
2020-03-18 19:41:10.272 DEBUG 15888 --- [http-nio-8080-exec-9] c.x.m.C.findCommentByParentId            : ==> Parameters: 1(Long)
2020-03-18 19:41:10.273 DEBUG 15888 --- [http-nio-8080-exec-9] c.x.m.C.findCommentByParentId            : <==      Total: 2
2020-03-18 19:41:10.278 DEBUG 15888 --- [http-nio-8080-exec-9] c.x.m.C.findCommentByParentId            : ==>  Preparing: SELECT * FROM t_comment WHERE parentId = ? 
2020-03-18 19:41:10.279 DEBUG 15888 --- [http-nio-8080-exec-9] c.x.m.C.findCommentByParentId            : ==> Parameters: 2(Long)
2020-03-18 19:41:10.282 DEBUG 15888 --- [http-nio-8080-exec-9] c.x.m.C.findCommentByParentId            : <==      Total: 1
2020-03-18 19:41:10.289 DEBUG 15888 --- [http-nio-8080-exec-9] c.x.m.C.findCommentByParentId            : ==>  Preparing: SELECT * FROM t_comment WHERE parentId = ? 
2020-03-18 19:41:10.290 DEBUG 15888 --- [http-nio-8080-exec-9] c.x.m.C.findCommentByParentId            : ==> Parameters: 3(Long)
2020-03-18 19:41:10.293 DEBUG 15888 --- [http-nio-8080-exec-9] c.x.m.C.findCommentByParentId            : <==      Total: 1
2020-03-18 19:41:10.304 DEBUG 15888 --- [http-nio-8080-exec-9] c.x.m.C.findCommentByParentId            : ==>  Preparing: SELECT * FROM t_comment WHERE parentId = ? 
2020-03-18 19:41:10.304 DEBUG 15888 --- [http-nio-8080-exec-9] c.x.m.C.findCommentByParentId            : ==> Parameters: 5(Long)
2020-03-18 19:41:10.305 DEBUG 15888 --- [http-nio-8080-exec-9] c.x.m.C.findCommentByParentId            : <==      Total: 0
2020-03-18 19:41:10.310 DEBUG 15888 --- [http-nio-8080-exec-9] c.x.m.C.findCommentByParentId            : ==>  Preparing: SELECT * FROM t_comment WHERE parentId = ? 
2020-03-18 19:41:10.310 DEBUG 15888 --- [http-nio-8080-exec-9] c.x.m.C.findCommentByParentId            : ==> Parameters: 4(Long)
2020-03-18 19:41:10.311 DEBUG 15888 --- [http-nio-8080-exec-9] c.x.m.C.findCommentByParentId            : <==      Total: 0
2020-03-18 19:41:10.320 DEBUG 15888 --- [http-nio-8080-exec-9] c.x.m.C.findCommentByParentId            : ==>  Preparing: SELECT * FROM t_comment WHERE parentId = ? 
2020-03-18 19:41:10.321 DEBUG 15888 --- [http-nio-8080-exec-9] c.x.m.C.findCommentByParentId            : ==> Parameters: 6(Long)
2020-03-18 19:41:10.322 DEBUG 15888 --- [http-nio-8080-exec-9] c.x.m.C.findCommentByParentId            : <==      Total: 1
2020-03-18 19:41:10.328 DEBUG 15888 --- [http-nio-8080-exec-9] c.x.m.C.findCommentByParentId            : ==>  Preparing: SELECT * FROM t_comment WHERE parentId = ? 
2020-03-18 19:41:10.329 DEBUG 15888 --- [http-nio-8080-exec-9] c.x.m.C.findCommentByParentId            : ==> Parameters: 7(Long)
2020-03-18 19:41:10.330 DEBUG 15888 --- [http-nio-8080-exec-9] c.x.m.C.findCommentByParentId            : <==      Total: 1
2020-03-18 19:41:10.339 DEBUG 15888 --- [http-nio-8080-exec-9] c.x.m.C.findCommentByParentId            : ==>  Preparing: SELECT * FROM t_comment WHERE parentId = ? 
2020-03-18 19:41:10.339 DEBUG 15888 --- [http-nio-8080-exec-9] c.x.m.C.findCommentByParentId            : ==> Parameters: 8(Long)
2020-03-18 19:41:10.340 DEBUG 15888 --- [http-nio-8080-exec-9] c.x.m.C.findCommentByParentId            : <==      Total: 0
